{"/Users/carlo/Documenti/lavoro/kiwifarm/clienti/agilereloaded/corsojs/redux_ck/spec/add_spec.js":{"path":"/Users/carlo/Documenti/lavoro/kiwifarm/clienti/agilereloaded/corsojs/redux_ck/spec/add_spec.js","s":{"1":1,"2":1,"3":1,"4":1,"5":1},"b":{},"f":{},"fnMap":{},"statementMap":{"1":{"start":{"line":1,"column":0},"end":{"line":1,"column":37}},"2":{"start":{"line":3,"column":0},"end":{"line":9,"column":3}},"3":{"start":{"line":4,"column":2},"end":{"line":8,"column":5}},"4":{"start":{"line":5,"column":4},"end":{"line":5,"column":38}},"5":{"start":{"line":7,"column":4},"end":{"line":7,"column":27}}},"branchMap":{}},"/Users/carlo/Documenti/lavoro/kiwifarm/clienti/agilereloaded/corsojs/redux_ck/lib/add.js":{"path":"/Users/carlo/Documenti/lavoro/kiwifarm/clienti/agilereloaded/corsojs/redux_ck/lib/add.js","s":{"1":1,"2":1},"b":{},"f":{"1":1},"fnMap":{"1":{"name":"(anonymous_1)","line":2,"loc":{"start":{"line":2,"column":13},"end":{"line":2,"column":29}}}},"statementMap":{"1":{"start":{"line":1,"column":0},"end":{"line":5,"column":2}},"2":{"start":{"line":3,"column":4},"end":{"line":3,"column":37}}},"branchMap":{}},"/Users/carlo/Documenti/lavoro/kiwifarm/clienti/agilereloaded/corsojs/redux_ck/spec/state_spec.js":{"path":"/Users/carlo/Documenti/lavoro/kiwifarm/clienti/agilereloaded/corsojs/redux_ck/spec/state_spec.js","s":{"1":1,"2":1,"3":1,"4":1,"5":1,"6":1,"7":1,"8":1,"9":1,"10":1,"11":1,"12":1,"13":1,"14":1,"15":1},"b":{},"f":{},"fnMap":{},"statementMap":{"1":{"start":{"line":1,"column":0},"end":{"line":1,"column":32}},"2":{"start":{"line":2,"column":0},"end":{"line":2,"column":48}},"3":{"start":{"line":4,"column":0},"end":{"line":28,"column":3}},"4":{"start":{"line":5,"column":2},"end":{"line":7,"column":5}},"5":{"start":{"line":6,"column":4},"end":{"line":6,"column":60}},"6":{"start":{"line":9,"column":2},"end":{"line":11,"column":5}},"7":{"start":{"line":10,"column":4},"end":{"line":10,"column":60}},"8":{"start":{"line":13,"column":2},"end":{"line":15,"column":5}},"9":{"start":{"line":14,"column":4},"end":{"line":14,"column":61}},"10":{"start":{"line":17,"column":2},"end":{"line":19,"column":5}},"11":{"start":{"line":18,"column":4},"end":{"line":18,"column":41}},"12":{"start":{"line":21,"column":2},"end":{"line":23,"column":5}},"13":{"start":{"line":22,"column":4},"end":{"line":22,"column":36}},"14":{"start":{"line":25,"column":2},"end":{"line":27,"column":5}},"15":{"start":{"line":26,"column":4},"end":{"line":26,"column":66}}},"branchMap":{}},"/Users/carlo/Documenti/lavoro/kiwifarm/clienti/agilereloaded/corsojs/redux_ck/lib/state.js":{"path":"/Users/carlo/Documenti/lavoro/kiwifarm/clienti/agilereloaded/corsojs/redux_ck/lib/state.js","s":{"1":1,"2":6,"3":2,"4":4,"5":1,"6":3,"7":0},"b":{"1":[2,4],"2":[1,3,0]},"f":{},"fnMap":{},"statementMap":{"1":{"start":{"line":1,"column":0},"end":{"line":17,"column":2}},"2":{"start":{"line":4,"column":4},"end":{"line":6,"column":5}},"3":{"start":{"line":5,"column":6},"end":{"line":5,"column":19}},"4":{"start":{"line":8,"column":4},"end":{"line":15,"column":5}},"5":{"start":{"line":10,"column":8},"end":{"line":10,"column":25}},"6":{"start":{"line":12,"column":8},"end":{"line":12,"column":25}},"7":{"start":{"line":14,"column":8},"end":{"line":14,"column":21}}},"branchMap":{"1":{"line":4,"type":"if","locations":[{"start":{"line":4,"column":4},"end":{"line":4,"column":4}},{"start":{"line":4,"column":4},"end":{"line":4,"column":4}}]},"2":{"line":8,"type":"switch","locations":[{"start":{"line":9,"column":6},"end":{"line":10,"column":25}},{"start":{"line":11,"column":6},"end":{"line":12,"column":25}},{"start":{"line":13,"column":6},"end":{"line":14,"column":21}}]}}}}