TN:
SF:/Users/carlo/Documenti/lavoro/kiwifarm/clienti/agilereloaded/corsojs/redux_ck/spec/add_spec.js
FNF:0
FNH:0
DA:1,1
DA:3,1
DA:4,1
DA:5,1
DA:7,1
LF:5
LH:5
BRF:0
BRH:0
end_of_record
TN:
SF:/Users/carlo/Documenti/lavoro/kiwifarm/clienti/agilereloaded/corsojs/redux_ck/lib/add.js
FN:2,(anonymous_1)
FNF:1
FNH:1
FNDA:1,(anonymous_1)
DA:1,1
DA:3,1
LF:2
LH:2
BRF:0
BRH:0
end_of_record
TN:
SF:/Users/carlo/Documenti/lavoro/kiwifarm/clienti/agilereloaded/corsojs/redux_ck/spec/state_spec.js
FNF:0
FNH:0
DA:1,1
DA:2,1
DA:4,1
DA:5,1
DA:6,1
DA:9,1
DA:10,1
DA:13,1
DA:14,1
DA:17,1
DA:18,1
DA:21,1
DA:22,1
DA:25,1
DA:26,1
LF:15
LH:15
BRF:0
BRH:0
end_of_record
TN:
SF:/Users/carlo/Documenti/lavoro/kiwifarm/clienti/agilereloaded/corsojs/redux_ck/lib/state.js
FNF:0
FNH:0
DA:1,1
DA:4,6
DA:5,2
DA:8,4
DA:10,1
DA:12,3
DA:14,0
LF:7
LH:6
BRDA:4,1,0,2
BRDA:4,1,1,4
BRDA:8,2,0,1
BRDA:8,2,1,3
BRDA:8,2,2,0
BRF:5
BRH:4
end_of_record
